C51 COMPILER V9.54   ONEWIRE                                                               07/17/2022 20:02:47 PAGE 1   


C51 COMPILER V9.54, COMPILATION OF MODULE ONEWIRE
OBJECT MODULE PLACED IN ..\Output\OneWire.obj
COMPILER INVOKED BY: D:\Keil_v5\C51\BIN\C51.EXE ..\Source\OneWire.c OPTIMIZE(8,SPEED) BROWSE DEBUG OBJECTEXTEND PRINT(..
                    -\Output\OneWire.lst) TABS(2) OBJECT(..\Output\OneWire.obj)

line level    source

   1          #include "OneWire.h"
   2          
   3          /*****************************************************
   4          函数名：OneWireRst
   5          功  能：单总线复位，获取存在脉冲
   6          参  数：无
   7          返回值：0-单总线应答 1-无应答
   8          *****************************************************/
   9          bit OneWireRst()
  10          {
  11   1        bit ack;
  12   1        EA = 0;
  13   1        DS18B20 = 0;//拉低总线，发复位脉冲
  14   1        Delay600us();//480us - 960us 取600us
  15   1        DS18B20 = 1;
  16   1        Delay60us();//15us - 60us 取60us
  17   1        ack = DS18B20;//读取IO口 18B20的ack
  18   1        while (!DS18B20);//等待18B20释放总线，等待存在脉冲结束
  19   1        EA = 1;
  20   1        return ack;
  21   1      }
  22          
  23          /*****************************************************
  24          函数名：WriteOneWire
  25          功  能：单总线写一个字节
  26          参  数：unsigned char dat
  27          返回值：无
  28          *****************************************************/
  29          void WriteOneWire(unsigned char dat)
  30          {
  31   1        unsigned char tmp;
  32   1        EA = 0;
  33   1        for (tmp = 0x01; tmp != 0; tmp <<= 1)
  34   1        {
  35   2          DS18B20 = 0;//拉低至少1us
  36   2          _nop_();
  37   2          _nop_();
  38   2          if ((dat & tmp) == 0)
  39   2            DS18B20 = 0;
  40   2          else
  41   2            DS18B20 = 1;
  42   2          Delay60us();
  43   2          DS18B20 = 1;
  44   2        }
  45   1        EA = 1;
  46   1      }
  47          
  48          /*****************************************************
  49          函数名：ReadOneWire
  50          功  能：单总线读一个字节
  51          参  数：无
  52          返回值：dat-读到的数据
  53          *****************************************************/
  54          unsigned char ReadOneWire()
C51 COMPILER V9.54   ONEWIRE                                                               07/17/2022 20:02:47 PAGE 2   

  55          {
  56   1        unsigned char dat;
  57   1        unsigned char tmp;
  58   1        EA = 0;
  59   1        for (tmp = 0x01; tmp != 0; tmp <<= 1)
  60   1        {
  61   2          DS18B20 = 0;
  62   2          _nop_();
  63   2          _nop_();
  64   2          DS18B20 = 1;
  65   2          _nop_();
  66   2          _nop_();
  67   2          if (!DS18B20)
  68   2            dat &= ~tmp;
  69   2          else
  70   2            dat |= tmp;
  71   2          Delay60us();
  72   2        }
  73   1        EA = 1;
  74   1        return dat;
  75   1      }


MODULE INFORMATION:   STATIC OVERLAYABLE
   CODE SIZE        =    110    ----
   CONSTANT SIZE    =   ----    ----
   XDATA SIZE       =   ----    ----
   PDATA SIZE       =   ----    ----
   DATA SIZE        =   ----       4
   IDATA SIZE       =   ----    ----
   BIT SIZE         =   ----       1
END OF MODULE INFORMATION.


C51 COMPILATION COMPLETE.  0 WARNING(S),  0 ERROR(S)
