C51 COMPILER V9.54   LCD1602                                                               07/03/2022 03:52:28 PAGE 1   


C51 COMPILER V9.54, COMPILATION OF MODULE LCD1602
OBJECT MODULE PLACED IN ..\Output\LCD1602.obj
COMPILER INVOKED BY: D:\Keil_v5\C51\BIN\C51.EXE ..\Source\LCD1602.c OPTIMIZE(8,SPEED) BROWSE DEBUG OBJECTEXTEND PRINT(..
                    -\Listing\LCD1602.lst) TABS(2) OBJECT(..\Output\LCD1602.obj)

line level    source

   1          #include "LCD1602.h"
   2          
   3          void LCDReadBF()
   4          {
   5   1        unsigned char state;
   6   1        unsigned char i;
   7   1        LCD1602_DB = 0xFF;//IO口置1 做输入
   8   1        LCD1602_RS = 0;
   9   1        LCD1602_RW = 1;
  10   1        do
  11   1        {
  12   2          LCD1602_EN = 1;
  13   2          state = LCD1602_DB;
  14   2          LCD1602_EN = 0;
  15   2          i++;
  16   2          if (i > 50)
  17   2            break;
  18   2        }  while (state & 0x80);
  19   1      }
  20          
  21          void LCDWriteCmd(unsigned char cmd)
  22          {
  23   1        LCDReadBF();//等待忙检测，不忙时操作
  24   1        LCD1602_RS = 0;
  25   1        LCD1602_RW = 0;
  26   1        LCD1602_DB = cmd;
  27   1        LCD1602_EN = 1;
  28   1        LCD1602_EN = 0;
  29   1      }
  30          
  31          void LCDWriteData(unsigned char dat)
  32          {
  33   1        LCDReadBF();//等待忙检测，不忙时操作
  34   1        LCD1602_RS = 1;
  35   1        LCD1602_RW = 0;
  36   1        LCD1602_DB = dat;
  37   1        LCD1602_EN = 1;
  38   1        LCD1602_EN = 0;
  39   1      }
  40          
  41          void LCDInit()
  42          {
  43   1        LCDWriteCmd(LCD_MODE_PIN8);//显示模式设置 2行 5*8点阵
  44   1        LCDWriteCmd(LCD_DIS_ON);//显示开，光标关
  45   1        LCDWriteCmd(LCD_CURSOR_RIGHT);//光标右移
  46   1        LCDWriteCmd(LCD_SCREEN_CLR);//清屏
  47   1      }
  48          
  49          void LCDShowStr(unsigned char x, unsigned char y, unsigned char *str)
  50          {
  51   1        if (0 == y)
  52   1        {
  53   2          LCDWriteCmd(0x80 | x);
  54   2        }
C51 COMPILER V9.54   LCD1602                                                               07/03/2022 03:52:28 PAGE 2   

  55   1        else
  56   1        {
  57   2          LCDWriteCmd(0x80 | (0x40 + x));
  58   2        }
  59   1        while (*str != '\0')
  60   1        {
  61   2          LCDWriteData(*str);
  62   2          str++;
  63   2        }
  64   1      }


MODULE INFORMATION:   STATIC OVERLAYABLE
   CODE SIZE        =    115    ----
   CONSTANT SIZE    =   ----    ----
   XDATA SIZE       =   ----    ----
   PDATA SIZE       =   ----    ----
   DATA SIZE        =   ----       1
   IDATA SIZE       =   ----    ----
   BIT SIZE         =   ----    ----
END OF MODULE INFORMATION.


C51 COMPILATION COMPLETE.  0 WARNING(S),  0 ERROR(S)
