C51 COMPILER V9.54   MAIN                                                                  01/14/2022 17:36:55 PAGE 1   


C51 COMPILER V9.54, COMPILATION OF MODULE MAIN
OBJECT MODULE PLACED IN ..\Output\main.obj
COMPILER INVOKED BY: D:\Keil_v5\C51\BIN\C51.EXE ..\Source\main.c OPTIMIZE(8,SPEED) BROWSE DEBUG OBJECTEXTEND PRINT(..\Li
                    -sting\main.lst) TABS(2) OBJECT(..\Output\main.obj)

line level    source

   1          #include <reg51.h>
   2          #include "delay.h"
   3          #include "display.h"
   4          
   5          void main()
   6          {
   7   1        unsigned int i;// 0 - 65535
   8   1        unsigned int num = 1989;// 0 - 9999  (eg:1989)
   9   1        for (i = 0; i < 5000; i++)
  10   1        {
  11   2          Display();
  12   2        }
  13   1        while(1)
  14   1        {
  15   2          LEDBuf[0] = num / 1000;
  16   2          LEDBuf[1] = num / 100 % 10;
  17   2          LEDBuf[2] = num / 10 % 10;
  18   2          LEDBuf[3] = num % 10;
  19   2          for (i = 0; i < 2000; i++)
  20   2          {
  21   3            Display();
  22   3          }
  23   2          num++;
  24   2          if (num > 2000)
  25   2          {
  26   3            num = 0;
  27   3          }
  28   2        }
  29   1      }


MODULE INFORMATION:   STATIC OVERLAYABLE
   CODE SIZE        =    146    ----
   CONSTANT SIZE    =   ----    ----
   XDATA SIZE       =   ----    ----
   PDATA SIZE       =   ----    ----
   DATA SIZE        =   ----       4
   IDATA SIZE       =   ----    ----
   BIT SIZE         =   ----    ----
END OF MODULE INFORMATION.


C51 COMPILATION COMPLETE.  0 WARNING(S),  0 ERROR(S)
