C51 COMPILER V9.54   MAIN                                                                  01/16/2022 01:29:35 PAGE 1   


C51 COMPILER V9.54, COMPILATION OF MODULE MAIN
OBJECT MODULE PLACED IN ..\Output\main.obj
COMPILER INVOKED BY: D:\Keil_v5\C51\BIN\C51.EXE ..\Source\main.c OPTIMIZE(8,SPEED) BROWSE DEBUG OBJECTEXTEND PRINT(..\Li
                    -sting\main.lst) TABS(2) OBJECT(..\Output\main.obj)

line level    source

   1          /*********************************************************
   2          程序功能：按键调整不同窗口的参数 P1 - P4 四个窗口
   3          编 写 人：FYL
   4          修订时间：2022/1/16
   5          *********************************************************/
   6          //头文件
   7          #include <reg51.h>
   8          #include "delay.h"
   9          #include "display.h"
  10          #include "Key.h"
  11          
  12          //全局变量的定义
  13          unsigned char wnd = 0;//窗口变量，初始为窗口P1
  14          unsigned char parm1 = 0;//窗口P1 对应的变量
  15          unsigned char parm2 = 0;//窗口P2 对应的变量
  16          unsigned char parm3 = 0;//窗口P3 对应的变量
  17          unsigned char parm4 = 0;//窗口P4 对应的变量
  18          
  19          //函数声明
  20          void dis_Service();//显示的功能函数
  21          void key_Service();//按键的功能函数
  22          
  23          /*****************************************
  24          函数名：主函数
  25          功  能：完成程序模块的调用
  26          参  数：无
  27          *****************************************/
  28          void main()
  29          {
  30   1        unsigned int i;// 0 - 65535
  31   1        //开机界面
  32   1        for (i = 0; i < 5000; i++)
  33   1        {
  34   2          Display();
  35   2        }
  36   1        while(1)
  37   1        {
  38   2          dis_Service();
  39   2          Key_Service();
*** WARNING C206 IN LINE 39 OF ..\Source\main.c: 'Key_Service': missing function-prototype
  40   2          Display();
  41   2        }
  42   1      }
  43          
  44          void dis_Service()
  45          {
  46   1        switch (wnd)
  47   1          {
  48   2            case 0:
  49   2              LEDBuf[0] = 20;
  50   2              LEDBuf[1] = 1;
  51   2              LEDBuf[2] = parm1 / 10;
  52   2              LEDBuf[3] = parm1 % 10;
  53   2              
C51 COMPILER V9.54   MAIN                                                                  01/16/2022 01:29:35 PAGE 2   

  54   2              break;
  55   2              
  56   2            case 1:
  57   2              LEDBuf[0] = 20;
  58   2              LEDBuf[1] = 2;
  59   2              LEDBuf[2] = parm2 / 10;
  60   2              LEDBuf[3] = parm2 % 10;
  61   2              
  62   2              break;
  63   2              
  64   2            case 2:
  65   2              LEDBuf[0] = 20;
  66   2              LEDBuf[1] = 3;
  67   2              LEDBuf[2] = parm3 / 10;
  68   2              LEDBuf[3] = parm3 % 10;
  69   2              
  70   2              break;
  71   2              
  72   2            case 3:
  73   2              LEDBuf[0] = 20;
  74   2              LEDBuf[1] = 4;
  75   2              LEDBuf[2] = parm4 / 10;
  76   2              LEDBuf[3] = parm4 % 10;
  77   2              
  78   2              break;
  79   2              
  80   2            default:break;
  81   2          }
  82   1      }
  83          
  84          void key_Service()
  85          {
  86   1        switch (Key_Scan())
  87   1        {
  88   2          case 1: wnd++; if (wnd > 3) wnd = 0; break;
  89   2          case 2:
  90   2            switch (wnd)
  91   2            {
  92   3              case 0: parm1++; if (parm1 > 99) parm1 = 0; break;
  93   3              case 1: parm2++; if (parm2 > 99) parm2 = 0; break;
  94   3              case 2: parm3++; if (parm3 > 99) parm3 = 0; break;
  95   3              case 3: parm4++; if (parm4 > 99) parm4 = 0; break;
  96   3              default: break;
  97   3            }
  98   2            break;
  99   2            
 100   2          case 3:
 101   2            switch (wnd)
 102   2            {
 103   3              case 0: parm1--; if (parm1 > 99) parm1 = 99; break;
 104   3              case 1: parm2--; if (parm2 > 99) parm2 = 99; break;
 105   3              case 2: parm3--; if (parm3 > 99) parm3 = 99; break;
 106   3              case 3: parm4--; if (parm4 > 99) parm4 = 99; break;
 107   3              default: break;
 108   3            }
 109   2            break;
 110   2            
 111   2          case 4:
 112   2            switch (wnd)
 113   2            {
 114   3              case 0: parm1 = 0; break;
 115   3              case 1: parm2 = 0; break;
C51 COMPILER V9.54   MAIN                                                                  01/16/2022 01:29:35 PAGE 3   

 116   3              case 2: parm3 = 0; break;
 117   3              case 3: parm4 = 0; break;
 118   3              default: break;
 119   3            }
 120   2            break;
 121   2            
 122   2          default: break;
 123   2        }
 124   1      }


MODULE INFORMATION:   STATIC OVERLAYABLE
   CODE SIZE        =    332    ----
   CONSTANT SIZE    =   ----    ----
   XDATA SIZE       =   ----    ----
   PDATA SIZE       =   ----    ----
   DATA SIZE        =      5       2
   IDATA SIZE       =   ----    ----
   BIT SIZE         =   ----    ----
END OF MODULE INFORMATION.


C51 COMPILATION COMPLETE.  1 WARNING(S),  0 ERROR(S)
