C51 COMPILER V9.01   LED                                                                   03/15/2021 10:03:42 PAGE 1   


C51 COMPILER V9.01, COMPILATION OF MODULE LED
OBJECT MODULE PLACED IN LED.OBJ
COMPILER INVOKED BY: D:\Keil uVision 4 C51°æ\C51\BIN\C51.EXE LED.c BROWSE DEBUG OBJECTEXTEND TABS(2)

line level    source

   1          #include <reg51.h>
   2          
   3          sbit LED = P1 ^ 0;
   4          
   5          void main()
   6          {
   7   1        while(1)
   8   1        {
   9   2          LED = 0;
  10   2        }
  11   1      }


MODULE INFORMATION:   STATIC OVERLAYABLE
   CODE SIZE        =      4    ----
   CONSTANT SIZE    =   ----    ----
   XDATA SIZE       =   ----    ----
   PDATA SIZE       =   ----    ----
   DATA SIZE        =   ----    ----
   IDATA SIZE       =   ----    ----
   BIT SIZE         =   ----    ----
END OF MODULE INFORMATION.


C51 COMPILATION COMPLETE.  0 WARNING(S),  0 ERROR(S)
