C51 COMPILER V9.54   MAIN                                                                  01/15/2022 18:48:34 PAGE 1   


C51 COMPILER V9.54, COMPILATION OF MODULE MAIN
OBJECT MODULE PLACED IN ..\Output\main.obj
COMPILER INVOKED BY: D:\Keil_v5\C51\BIN\C51.EXE ..\Source\main.c OPTIMIZE(8,SPEED) BROWSE DEBUG OBJECTEXTEND PRINT(..\Li
                    -sting\main.lst) TABS(2) OBJECT(..\Output\main.obj)

line level    source

   1          #include <reg51.h>
   2          #include <intrins.h>
   3          #include "delay.h"
   4          #include "Key.h"
   5          
   6          bit Startflag = 1;
   7          bit UpDownflag = 0;
   8          unsigned char temp = 0xfe;
   9          
  10          void Key_Service();
  11          void main()
  12          {
  13   1        while (1)
  14   1        {
  15   2          Key_Service();
  16   2        }
  17   1      }
  18          
  19          void Key_Service()
  20          {
  21   1        switch (Key_Scan())
  22   1        {
  23   2          case 1: Startflag = 1; break;//Æô¶¯
  24   2          case 2: Startflag = 0; break;//Í£Ö¹
  25   2          case 3: UpDownflag = 1; break;//Down
  26   2          case 4: UpDownflag = 0; break;//Up
  27   2          default: break;
  28   2        }
  29   1        if (Startflag)
  30   1        {
  31   2          P1 = temp;
  32   2          if (UpDownflag)
  33   2          {
  34   3            temp = _cror_(temp, 1);
  35   3          }
  36   2          else
  37   2          {
  38   3            temp = _crol_(temp, 1);
  39   3          }
  40   2          DelayXms(500);
  41   2        }
  42   1      }


MODULE INFORMATION:   STATIC OVERLAYABLE
   CODE SIZE        =     82    ----
   CONSTANT SIZE    =   ----    ----
   XDATA SIZE       =   ----    ----
   PDATA SIZE       =   ----    ----
   DATA SIZE        =      1    ----
   IDATA SIZE       =   ----    ----
   BIT SIZE         =      2    ----
END OF MODULE INFORMATION.


C51 COMPILATION COMPLETE.  0 WARNING(S),  0 ERROR(S)
