C51 COMPILER V9.54   MAIN                                                                  02/02/2022 19:05:43 PAGE 1   


C51 COMPILER V9.54, COMPILATION OF MODULE MAIN
OBJECT MODULE PLACED IN ..\Output\main.obj
COMPILER INVOKED BY: D:\Keil_v5\C51\BIN\C51.EXE ..\Source\main.c OPTIMIZE(8,SPEED) BROWSE DEBUG OBJECTEXTEND PRINT(..\Li
                    -sting\main.lst) TABS(2) OBJECT(..\Output\main.obj)

line level    source

   1          #include <reg51.h>
   2          #include "delay.h"
   3          #include "uart.h"
   4          
   5          //sbit LED1 = P1^0;
   6          //sbit LED2 = P1^1;
   7          //sbit LED3 = P1^2;
   8          //sbit LED4 = P1^3;
   9          
  10          void UartInit(void);
  11          
  12          void main()
  13          {
  14   1        UartInit();
  15   1        printf("Wait for Serial Communication Test Start.\r\n");
  16   1        printf("Please Send a command:\r\n");
  17   1        while (1)
  18   1        {
  19   2          if (recv_flag == 1)
  20   2          {
  21   3            recv_flag = 0;
  22   3            switch (recv_data)
  23   3            {
  24   4              case 0x01: P1 = 0xfe; break;
  25   4              case 0x02: P1 = 0xfd; break;
  26   4              case 0x03: P1 = 0xfb; break;
  27   4              case 0x04: P1 = 0xf7; break;
  28   4              default: break;
  29   4            }
  30   3          }
  31   2        }
  32   1      }
  33          
  34          //void main()
  35          //{
  36          //  UartInit();
  37          //  printf("Wait for Serial Communication Test Start.\r\n");
  38          //  printf("Please Send a frame of data:\r\n");
  39          //  while (1)
  40          //  {
  41          //    if (recv_flag == 1)
  42          //    {
  43          //      recv_flag = 0;
  44          //      recv_data = recv_data + 1;
  45          //      sendByte(recv_data);
  46          //      printf("\r\n");
  47          //      printf("%bd\r\n", recv_data);
  48          //    }
  49          //  }
  50          //}


MODULE INFORMATION:   STATIC OVERLAYABLE
   CODE SIZE        =     65    ----
C51 COMPILER V9.54   MAIN                                                                  02/02/2022 19:05:43 PAGE 2   

   CONSTANT SIZE    =     69    ----
   XDATA SIZE       =   ----    ----
   PDATA SIZE       =   ----    ----
   DATA SIZE        =   ----    ----
   IDATA SIZE       =   ----    ----
   BIT SIZE         =   ----    ----
END OF MODULE INFORMATION.


C51 COMPILATION COMPLETE.  0 WARNING(S),  0 ERROR(S)
