C51 COMPILER V9.54   LCD1602                                                               07/04/2022 17:07:23 PAGE 1   


C51 COMPILER V9.54, COMPILATION OF MODULE LCD1602
OBJECT MODULE PLACED IN ..\Output\LCD1602.obj
COMPILER INVOKED BY: D:\Keil_v5\C51\BIN\C51.EXE ..\Source\LCD1602.c OPTIMIZE(8,SPEED) BROWSE DEBUG OBJECTEXTEND PRINT(..
                    -\Listing\LCD1602.lst) TABS(2) OBJECT(..\Output\LCD1602.obj)

line level    source

   1          #include "LCD1602.h"
   2          
   3          //unsigned char code str[] = { 0x00, 0x00, 0x00, 0x00, 0x1F, 0x00, 0x00, 0x00 };
   4          
   5          void LCDReadBF()
   6          {
   7   1        unsigned char state;
   8   1        unsigned char i;
   9   1        LCD1602_DB = 0xFF;//IO口置1 做输入
  10   1        LCD1602_RS = 0;
  11   1        LCD1602_RW = 1;
  12   1        do
  13   1        {
  14   2          LCD1602_EN = 1;
  15   2          state = LCD1602_DB;
  16   2          LCD1602_EN = 0;
  17   2          i++;
  18   2          if (i > 50)
  19   2            break;
  20   2        }  while (state & 0x80);
  21   1      }
  22          
  23          void LCDWriteCmd(unsigned char cmd)
  24          {
  25   1        LCDReadBF();//等待忙检测，不忙时操作
  26   1        LCD1602_RS = 0;
  27   1        LCD1602_RW = 0;
  28   1        LCD1602_DB = cmd;
  29   1        LCD1602_EN = 1;
  30   1        LCD1602_EN = 0;
  31   1      }
  32          
  33          void LCDWriteData(unsigned char dat)
  34          {
  35   1        LCDReadBF();//等待忙检测，不忙时操作
  36   1        LCD1602_RS = 1;
  37   1        LCD1602_RW = 0;
  38   1        LCD1602_DB = dat;
  39   1        LCD1602_EN = 1;
  40   1        LCD1602_EN = 0;
  41   1      }
  42          
  43          void LCDInit()
  44          {
  45   1        LCDWriteCmd(LCD_MODE_PIN8);//显示模式设置 2行 5*8点阵
  46   1        LCDWriteCmd(LCD_DIS_ON);//显示开，光标关
  47   1        LCDWriteCmd(LCD_CURSOR_RIGHT);//光标右移
  48   1        LCDWriteCmd(LCD_SCREEN_CLR);//清屏
  49   1      }
  50          
  51          
  52          void LCDSetPosition(unsigned char x, unsigned char y)
  53          {
  54   1        if (0 == y)
C51 COMPILER V9.54   LCD1602                                                               07/04/2022 17:07:23 PAGE 2   

  55   1        {
  56   2          LCDWriteCmd(0x80 | x);
  57   2        }
  58   1        else
  59   1        {
  60   2          LCDWriteCmd(0x80 | (0x40 + x));
  61   2        }
  62   1      }
  63            
  64          void LCDShowStr(unsigned char x, unsigned char y, unsigned char *str)
  65          {
  66   1        LCDSetPosition(x, y);
  67   1        while (*str != '\0')
  68   1        {
  69   2          LCDWriteData(*str++);
  70   2        }
  71   1      }
  72          
  73          //第一种方法
  74          //void LCDWriteCGRAM()
  75          //{
  76          //  unsigned char i;
  77          //  LCDWriteCmd(0x40);//1、构造自定义字符
  78          //  for (i = 0; i < 64; i++)
  79          //  {
  80          //    LCDWriteData(str[i]);
  81          //  }
  82          //  //2、显示这个字符
  83          //  LCDWriteCmd(0x80 | 0x00);
  84          //  LCDWriteData(0x01);
  85          //}
  86          
  87          //第二种方法
  88          /*****************************************************
  89          函数名：LCDSetChar
  90          功  能；显示自定义字符
  91          参  数；x-列  y-行  pos-CGRAM位置  *str-自定义字符数据
  92          返回值；无
  93          *****************************************************/
  94          void LCDSetChar(unsigned char x, unsigned char y, unsigned char pos, unsigned char *str)//x:0~F y:0/1 pos:
             -0~7
  95          {
  96   1        unsigned char i;
  97   1        //先构造自定义字符 确定位置 CGRAM
  98   1        for (i = 0; i < 8; i++)
  99   1        {
 100   2          LCDWriteCmd(0x40 + pos*8 + i);
 101   2          LCDWriteData(*(str+i));
 102   2        }
 103   1        //显示
 104   1        LCDSetPosition(x, y);//设置显示位置 DDRAM
 105   1        LCDWriteData(0x00 + pos);//显示代码
 106   1      }


MODULE INFORMATION:   STATIC OVERLAYABLE
   CODE SIZE        =    191    ----
   CONSTANT SIZE    =   ----    ----
   XDATA SIZE       =   ----    ----
   PDATA SIZE       =   ----    ----
   DATA SIZE        =   ----      10
   IDATA SIZE       =   ----    ----
C51 COMPILER V9.54   LCD1602                                                               07/04/2022 17:07:23 PAGE 3   

   BIT SIZE         =   ----    ----
END OF MODULE INFORMATION.


C51 COMPILATION COMPLETE.  0 WARNING(S),  0 ERROR(S)
