C51 COMPILER V9.01   LED                                                                   03/16/2021 13:55:59 PAGE 1   


C51 COMPILER V9.01, COMPILATION OF MODULE LED
OBJECT MODULE PLACED IN LED.OBJ
COMPILER INVOKED BY: D:\Keil uVision 4 C51°æ\C51\BIN\C51.EXE LED.c BROWSE DEBUG OBJECTEXTEND TABS(2)

line level    source

   1          #include <reg51.h>
   2          
   3          sbit led = P1 ^ 0;
   4          
   5          void Delay500ms();
   6          
   7          void main()
   8          {
   9   1        while(1)
  10   1        {
  11   2          led = 0;
  12   2          Delay500ms();
  13   2          led = 1;
  14   2          Delay500ms();
  15   2        }
  16   1      }
  17          
  18          void Delay500ms()   //@12.000MHz
  19          {
  20   1        unsigned char i, j, k;
  21   1      
  22   1        _nop_();
*** WARNING C206 IN LINE 22 OF LED.C: '_nop_': missing function-prototype
*** ERROR C264 IN LINE 22 OF LED.C: intrinsic '_nop_': declaration/activation error
  23   1        i = 4;
  24   1        j = 205;
  25   1        k = 187;
  26   1        do
  27   1        {
  28   2          do
  29   2          {
  30   3            while (--k);
  31   3          } while (--j);
  32   2        } while (--i);
  33   1      }
  34          
  35          
  36          //sbit led = p1 ^ 0;
  37          //
  38          //void delay();
  39          //
  40          //void main()
  41          //{
  42          //  while(1)
  43          //  {
  44          //    led = 0;
  45          //    delay();
  46          //    led = 1;
  47          //    delay();
  48          //  }
  49          //}
  50          //
  51          //void delay()
  52          //{
  53          //  unsigned int ms = 50000;
C51 COMPILER V9.01   LED                                                                   03/16/2021 13:55:59 PAGE 2   

  54          //  while(ms--);
  55          //}

C51 COMPILATION COMPLETE.  1 WARNING(S),  1 ERROR(S)
