C51 COMPILER V9.54   EEPROM                                                                11/04/2022 20:47:45 PAGE 1   


C51 COMPILER V9.54, COMPILATION OF MODULE EEPROM
OBJECT MODULE PLACED IN ..\Output\EEPROM.obj
COMPILER INVOKED BY: D:\Keil_v5\C51\BIN\C51.EXE ..\Source\EEPROM.c OPTIMIZE(8,SPEED) BROWSE DEBUG OBJECTEXTEND PRINT(..\
                    -Listing\EEPROM.lst) TABS(2) OBJECT(..\Output\EEPROM.obj)

line level    source

   1          #include "EEPROM.h"
   2          
   3          /***************************************************************
   4          函数名：E2ReadByte
   5          功  能：读取器件地址为IC_Addr的器件的内部字节地址addr中的数据
   6          参  数：IC_Addr-器件地址  addr-器件的内部字节地址
   7          返回值：dat-读取的一字节数据
   8          ***************************************************************/
   9          unsigned char E2ReadByte(unsigned char IC_Addr, unsigned char addr)
  10          {
  11   1        unsigned char dat;
  12   1        I2CStart();//启动总线
  13   1        I2CWriteByte(IC_Addr << 1);//器件寻址，执行写操作 从机应答在函数内部实现
  14   1        I2CWriteByte(addr);//写内部字节地址，告诉器件要从哪个地方开始读数据
  15   1        I2CStart();//重启总线
  16   1        I2CWriteByte((IC_Addr << 1) | 0x01);//后续操作为读操作，从地址addr开始读数据
  17   1        dat = I2CReadByte();//从总线上读一个字节数据
  18   1        SendAck(1);//主机只读一个字节，发NACK 发1 如果还继续读就发ACK 发0
  19   1        I2CStop();
  20   1        return dat;
  21   1      }
  22          
  23          void E2WriteByte(unsigned char IC_Addr, unsigned char addr, unsigned char dat)
  24          {
  25   1        I2CStart();//启动总线
  26   1        I2CWriteByte(IC_Addr << 1);//器件寻址，执行写操作 从机应答在函数内部实现
  27   1        I2CWriteByte(addr);//写内部字节地址，告诉器件要从哪个地方开始读数据
  28   1        I2CWriteByte(dat);//写数据
  29   1        I2CStop();//发完Stop后，器件才会把数据进行擦写，搬运到非易失区，
  30   1                  //这段时间里面器件不再响应主机的操作
  31   1      }


MODULE INFORMATION:   STATIC OVERLAYABLE
   CODE SIZE        =     79    ----
   CONSTANT SIZE    =   ----    ----
   XDATA SIZE       =   ----    ----
   PDATA SIZE       =   ----    ----
   DATA SIZE        =   ----       6
   IDATA SIZE       =   ----    ----
   BIT SIZE         =   ----    ----
END OF MODULE INFORMATION.


C51 COMPILATION COMPLETE.  0 WARNING(S),  0 ERROR(S)
