C51 COMPILER V9.54   I2C                                                                   11/04/2022 20:47:45 PAGE 1   


C51 COMPILER V9.54, COMPILATION OF MODULE I2C
OBJECT MODULE PLACED IN ..\Output\I2C.obj
COMPILER INVOKED BY: D:\Keil_v5\C51\BIN\C51.EXE ..\Source\I2C.c OPTIMIZE(8,SPEED) BROWSE DEBUG OBJECTEXTEND PRINT(..\Lis
                    -ting\I2C.lst) TABS(2) OBJECT(..\Output\I2C.obj)

line level    source

   1          #include "I2C.h"
   2          
   3          void I2CStart()
   4          {
   5   1        I2C_SCL = 1;//总线空闲时 SCL SDA 都为高电平 
   6   1        I2C_SDA = 1;
   7   1        I2CDelay();//SCL保持4.7us之后，拉低SDA，产生起始信号
   8   1        I2C_SDA = 0;
   9   1        I2CDelay();
  10   1        I2C_SCL = 0;
  11   1      }
  12          
  13          bit I2CWriteByte(unsigned char dat)
  14          {
  15   1        unsigned char temp;
  16   1        bit ack;
  17   1        for (temp = 0x80; temp != 0; temp >>= 1)
  18   1        {
  19   2          if( (temp & dat) == 0) //当前位为0
  20   2            I2C_SDA = 0;
  21   2          else                   //当前位为1
  22   2            I2C_SDA = 1;
  23   2          I2CDelay();//延时至少4us 使SCL保持低
  24   2          I2C_SCL = 1;//拉高 器件读数据位
  25   2          I2CDelay();//延时至少4us 使SCL保持高
  26   2          I2C_SCL = 0;//拉低
  27   2        }
  28   1        ack = I2CRecvAck();
  29   1        return ack;
  30   1      }
  31          
  32          bit I2CRecvAck()
  33          {
  34   1        bit ack;
  35   1        I2C_SDA = 1;//主机主动释放SDA，为读ack做准备
  36   1        I2CDelay();//SCL保持4.7us低
  37   1        I2C_SCL = 1;//拉高
  38   1        ack = I2C_SDA;
  39   1        I2CDelay();//延时至少4us 使SCL保持高
  40   1        I2C_SCL = 0;//拉低SCL
  41   1        return ack;
  42   1      }
  43          
  44          unsigned char I2CReadByte()
  45          {
  46   1        unsigned char dat = 0;
  47   1        unsigned char temp;
  48   1        I2C_SDA = 1;//主机释放总线，为接下来的读数据作准备
  49   1        for (temp = 0x80; temp != 0; temp >>= 1)//还是从高位到低位读
  50   1        {
  51   2          I2CDelay();//延时至少4us 使SCL保持低
  52   2          I2C_SCL = 1;//拉高 器件读数据位
  53   2          if (I2C_SDA == 1)
  54   2            dat |= temp;
C51 COMPILER V9.54   I2C                                                                   11/04/2022 20:47:45 PAGE 2   

  55   2          else
  56   2            dat &= ~temp;
  57   2          I2CDelay();//延时至少4us 使SCL保持高
  58   2          I2C_SCL = 0;//拉低 为下一次传输作准备
  59   2        }
  60   1        return dat;
  61   1      }
  62          
  63          void SendAck(bit ack)
  64          {
  65   1        I2C_SDA = ack;
  66   1        I2CDelay();//延时至少4us 使SCL保持低
  67   1        I2C_SCL = 1;//拉高 器件读数据位
  68   1        I2CDelay();//延时至少4us 使SCL保持高
  69   1        I2C_SCL = 0;//拉低 为下一次传输作准备
  70   1      }
  71          
  72          void I2CStop()
  73          {
  74   1        I2C_SCL = 0;
  75   1        I2C_SDA = 0;
  76   1        I2CDelay();
  77   1        I2C_SCL = 1;
  78   1        I2CDelay();
  79   1        I2C_SDA = 1;
  80   1        I2CDelay();
  81   1      }


MODULE INFORMATION:   STATIC OVERLAYABLE
   CODE SIZE        =    155    ----
   CONSTANT SIZE    =   ----    ----
   XDATA SIZE       =   ----    ----
   PDATA SIZE       =   ----    ----
   DATA SIZE        =   ----    ----
   IDATA SIZE       =   ----    ----
   BIT SIZE         =   ----       3
END OF MODULE INFORMATION.


C51 COMPILATION COMPLETE.  0 WARNING(S),  0 ERROR(S)
