C51 COMPILER V9.54   DISPLAY                                                               01/26/2022 22:50:47 PAGE 1   


C51 COMPILER V9.54, COMPILATION OF MODULE DISPLAY
OBJECT MODULE PLACED IN ..\Output\display.obj
COMPILER INVOKED BY: D:\Keil_v5\C51\BIN\C51.EXE ..\Source\display.c OPTIMIZE(8,SPEED) BROWSE DEBUG OBJECTEXTEND PRINT(..
                    -\Listing\display.lst) TABS(2) OBJECT(..\Output\display.obj)

line level    source

   1          #include "display.h"
   2          
   3          unsigned char code leddata[] = { //数码管的段码表（共阴极）
   4           
   5                          0x3F,  //"0"
   6                          0x06,  //"1"
   7                          0x5B,  //"2"
   8                          0x4F,  //"3"
   9                          0x66,  //"4"
  10                          0x6D,  //"5"
  11                          0x7D,  //"6"
  12                          0x07,  //"7"
  13                          0x7F,  //"8"
  14                          0x6F,  //"9"
  15                          0x77,  //"A"
  16                          0x7C,  //"B"
  17                          0x39,  //"C"
  18                          0x5E,  //"D"
  19                          0x79,  //"E"
  20                          0x71,  //"F"
  21                          0x76,  //"H"
  22                          0x38,  //"L"
  23                          0x37,  //"n"
  24                          0x3E,  //"u"
  25                          0x73,  //"P"
  26                          0x5C,  //"o"
  27                          0x40,  //"-"
  28                          0x00,  //熄灭
  29           
  30                                   };
  31          
  32          unsigned char LEDBuf[] = { 22, 22, 22, 22 };//数据显示缓冲区
  33          unsigned char code PLACE_CODE[] = { 0xfe, 0xfd, 0xfb, 0xf7 };//位选信号
  34          
  35          void Display()
  36          {
  37   1        static unsigned char i;
  38   1        //1、送段码
  39   1        //2、送位选
  40   1        //3、延时 1ms  all<10ms
  41   1        //4、消隐
  42   1        switch (i)
  43   1        {
  44   2          case 0:
  45   2            GPIO_DIG = 0x00;
  46   2            GPIO_DIG = leddata[LEDBuf[0]];
  47   2            GPIO_PLACE = PLACE_CODE[0];
  48   2            i++;
  49   2            break;
  50   2          
  51   2          case 1:
  52   2            GPIO_DIG = 0x00;
  53   2            GPIO_DIG = leddata[LEDBuf[1]];
  54   2            GPIO_PLACE = PLACE_CODE[1];
C51 COMPILER V9.54   DISPLAY                                                               01/26/2022 22:50:47 PAGE 2   

  55   2            i++;
  56   2            break;
  57   2          
  58   2          case 2:
  59   2            GPIO_DIG = 0x00;
  60   2            GPIO_DIG = leddata[LEDBuf[2]];
  61   2            GPIO_PLACE = PLACE_CODE[2];
  62   2            i++;
  63   2            break;
  64   2          
  65   2          case 3:
  66   2            GPIO_DIG = 0x00;
  67   2            GPIO_DIG = leddata[LEDBuf[3]];
  68   2            GPIO_PLACE = PLACE_CODE[3];
  69   2            i = 0;
  70   2            break;
  71   2          
  72   2          default:break;
  73   2        }
  74   1      }


MODULE INFORMATION:   STATIC OVERLAYABLE
   CODE SIZE        =     90    ----
   CONSTANT SIZE    =     28    ----
   XDATA SIZE       =   ----    ----
   PDATA SIZE       =   ----    ----
   DATA SIZE        =      5    ----
   IDATA SIZE       =   ----    ----
   BIT SIZE         =   ----    ----
END OF MODULE INFORMATION.


C51 COMPILATION COMPLETE.  0 WARNING(S),  0 ERROR(S)
