C51 COMPILER V9.01   MAIN                                                                  05/01/2021 17:45:48 PAGE 1   


C51 COMPILER V9.01, COMPILATION OF MODULE MAIN
OBJECT MODULE PLACED IN ..\Output\main.obj
COMPILER INVOKED BY: D:\Keil uVision 4 C51版\C51\BIN\C51.EXE ..\Source\main.c BROWSE DEBUG OBJECTEXTEND PRINT(..\Listing
                    -\main.lst) TABS(2) OBJECT(..\Output\main.obj)

line level    source

   1          /******************************
   2          功能：C语言移位运算符的方法实现流水灯
   3          编程人：FYL
   4          时间：2021_05_01
   5          版本：V1.2
   6          ******************************/
   7          
   8          //头文件
   9          #include <reg51.h>
  10          #include "delay.h"
  11          
  12          /******************************
  13          函数名：main
  14          功  能：主函数
  15          参  数：无
  16          返回值：无
  17          ******************************/
  18          void main()
  19          {
  20   1        unsigned char temp = 0x1;// 0000 0001
  21   1        unsigned char i;
  22   1        while (1)
  23   1        {
  24   2          for (i = 0; i < 8; i++)
  25   2          {
  26   3            P1 = ~(temp << i);
  27   3            DelayXms(1000);
  28   3          }        
  29   2        }
  30   1      }
  31          
  32          /*
  33            while (1)
  34            {
  35              P1 = ~(temp << i++);
  36              if (8 == i) i = 0;
  37              DelayXms(1000);        
  38            }
  39          }
  40          */


MODULE INFORMATION:   STATIC OVERLAYABLE
   CODE SIZE        =     40    ----
   CONSTANT SIZE    =   ----    ----
   XDATA SIZE       =   ----    ----
   PDATA SIZE       =   ----    ----
   DATA SIZE        =   ----       2
   IDATA SIZE       =   ----    ----
   BIT SIZE         =   ----    ----
END OF MODULE INFORMATION.


C51 COMPILATION COMPLETE.  0 WARNING(S),  0 ERROR(S)
