C51 COMPILER V9.54   MAIN                                                                  01/16/2022 19:17:33 PAGE 1   


C51 COMPILER V9.54, COMPILATION OF MODULE MAIN
OBJECT MODULE PLACED IN ..\Output\main.obj
COMPILER INVOKED BY: D:\Keil_v5\C51\BIN\C51.EXE ..\Source\main.c OPTIMIZE(8,SPEED) BROWSE DEBUG OBJECTEXTEND PRINT(..\Li
                    -sting\main.lst) TABS(2) OBJECT(..\Output\main.obj)

line level    source

   1          #include <reg51.h>
   2          #include "delay.h"
   3          #include "display.h"
   4          #include "Key.h"
   5          
   6          /*****************************************
   7          函数名：主函数
   8          功  能：完成程序模块的调用
   9          参  数：无
  10          *****************************************/
  11          void main()
  12          {
  13   1        while(1)
  14   1        {
  15   2          LEDBuf[0] = 23;
  16   2          LEDBuf[1] = 23;
  17   2          LEDBuf[2] = 23;
  18   2          LEDBuf[3] = Key_Scan();
  19   2          Display();
  20   2        }
  21   1      }


MODULE INFORMATION:   STATIC OVERLAYABLE
   CODE SIZE        =     19    ----
   CONSTANT SIZE    =   ----    ----
   XDATA SIZE       =   ----    ----
   PDATA SIZE       =   ----    ----
   DATA SIZE        =   ----    ----
   IDATA SIZE       =   ----    ----
   BIT SIZE         =   ----    ----
END OF MODULE INFORMATION.


C51 COMPILATION COMPLETE.  0 WARNING(S),  0 ERROR(S)
