C51 COMPILER V9.54   MAIN                                                                  08/24/2022 14:37:43 PAGE 1   


C51 COMPILER V9.54, COMPILATION OF MODULE MAIN
OBJECT MODULE PLACED IN ..\Output\main.obj
COMPILER INVOKED BY: D:\Keil_v5\C51\BIN\C51.EXE ..\Source\main.c OPTIMIZE(8,SPEED) BROWSE DEBUG OBJECTEXTEND PRINT(..\Li
                    -sting\main.lst) TABS(2) OBJECT(..\Output\main.obj)

line level    source

   1          #include "uart.h"
   2          #include "uart2.h"
   3          
   4          void main()
   5          {
   6   1        UartInit();//串口1初始化 9600
   7   1        Uart2Init();//串口2初始化 9600
   8   1        EA = 1;
   9   1        sendString("HelloWorld!\r\n");//串口1发送字符串
  10   1        sendString2("乌拉\r\n");//串口2发送字符串
  11   1        printf("Hello MCU\r\n");
  12   1        while (1)
  13   1        {
  14   2          
  15   2        }
  16   1      }


MODULE INFORMATION:   STATIC OVERLAYABLE
   CODE SIZE        =     37    ----
   CONSTANT SIZE    =     33    ----
   XDATA SIZE       =   ----    ----
   PDATA SIZE       =   ----    ----
   DATA SIZE        =   ----    ----
   IDATA SIZE       =   ----    ----
   BIT SIZE         =   ----    ----
END OF MODULE INFORMATION.


C51 COMPILATION COMPLETE.  0 WARNING(S),  0 ERROR(S)
