C51 COMPILER V9.54   MAIN                                                                  11/05/2022 01:13:26 PAGE 1   


C51 COMPILER V9.54, COMPILATION OF MODULE MAIN
OBJECT MODULE PLACED IN ..\Output\main.obj
COMPILER INVOKED BY: D:\Keil_v5\C51\BIN\C51.EXE ..\Source\main.c OPTIMIZE(8,SPEED) BROWSE DEBUG OBJECTEXTEND PRINT(..\Li
                    -sting\main.lst) TABS(2) OBJECT(..\Output\main.obj)

line level    source

   1          #include <reg51.h>
   2          #include "I2C.h"
   3          #include "delay.h"
   4          #include "LCD1602.h"
   5          #include "EEPROM.h"
   6          
   7          void bufTohexStr(unsigned char *buf, unsigned char len, unsigned char *str);
   8          
   9          void main()
  10          {
  11   1        unsigned char i;
  12   1        unsigned char str[20];
  13   1        unsigned char buf[5];//0xff, 0x12, 0xff
  14   1        LCDInit();
  15   1        DelayXms(10);
  16   1        
  17   1        E2Read(0x50, 0x00, buf, 5);
  18   1      
  19   1        bufTohexStr(buf, 5, str);
  20   1        LCDShowStr(0, 0, str);
  21   1        
  22   1        for (i = 0; i < sizeof(buf); i++)
  23   1        {
  24   2          buf[i] = buf[i] + 1;
  25   2        }
  26   1        E2Write(0x50, 0x00, buf, 5);
  27   1        while (1);
  28   1      }
  29          
  30          //数据缓冲区中的数据转十六进制数据显示，并保存在str[]中
  31          void bufTohexStr(unsigned char *buf, unsigned char len, unsigned char *str)
  32          {
  33   1        unsigned char tmp;
  34   1        unsigned char i;
  35   1        for (i = 0; i < len; i++)
  36   1        {
  37   2          tmp = buf[i] >> 4;//0xff
  38   2          if (tmp <= 9)
  39   2            *str++ = tmp + '0';
  40   2          else
  41   2            *str++ = tmp + '7';//tmp - 10 + 'A'
  42   2          tmp = buf[i] & 0x0F;
  43   2          if (tmp <= 9)
  44   2            *str++ = tmp + '0';
  45   2          else
  46   2            *str++ = tmp + '7';//tmp - 10 + 'A'
  47   2          *str++ = ' ';//每处理完一个字节的数据加一个空格隔开
  48   2        }
  49   1        *(str) = '\0';
  50   1      }


MODULE INFORMATION:   STATIC OVERLAYABLE
   CODE SIZE        =    261    ----
C51 COMPILER V9.54   MAIN                                                                  11/05/2022 01:13:26 PAGE 2   

   CONSTANT SIZE    =   ----    ----
   XDATA SIZE       =   ----    ----
   PDATA SIZE       =   ----    ----
   DATA SIZE        =   ----      32
   IDATA SIZE       =   ----    ----
   BIT SIZE         =   ----    ----
END OF MODULE INFORMATION.


C51 COMPILATION COMPLETE.  0 WARNING(S),  0 ERROR(S)
