C51 COMPILER V9.54   MAIN                                                                  01/18/2022 03:39:33 PAGE 1   


C51 COMPILER V9.54, COMPILATION OF MODULE MAIN
OBJECT MODULE PLACED IN ..\Output\main.obj
COMPILER INVOKED BY: D:\Keil_v5\C51\BIN\C51.EXE ..\Source\main.c OPTIMIZE(8,SPEED) BROWSE DEBUG OBJECTEXTEND PRINT(..\Li
                    -sting\main.lst) TABS(2) OBJECT(..\Output\main.obj)

line level    source

   1          #include <reg51.h>
   2          #include "delay.h"
   3          #include <intrins.h>
   4          
   5          unsigned char run = 0;//默认流水灯是停止的
   6          unsigned char dir = 1;//默认正向流水灯
   7          
   8          void EX0_Init(void);
   9          
  10          void main()
  11          {
  12   1        unsigned char temp = 0xfe;
  13   1        EX0_Init();
  14   1        while (1)
  15   1        {
  16   2          if (run)
  17   2          {
  18   3            P1 = temp;
  19   3            if (dir)
  20   3            {
  21   4              temp = _crol_(temp, 1);
  22   4            }
  23   3            else
  24   3            {
  25   4              temp = _cror_(temp, 1);
  26   4            }
  27   3            DelayXms(1000);
  28   3          }
  29   2        }
  30   1      }
  31          
  32          //外部中断0  初始化
  33          void EX0_Init(void)
  34          {
  35   1        //1、设置触发方式  外部中断0
  36   1        IT0 = 1;//设置  下降沿触发  TCON
  37   1        EX0 = 1;//IE
  38   1        EA = 1;
  39   1      }
  40          
  41          /*****************************************************************
  42          1、中断服务函数一定是一个没有返回值的函数
  43          2、中断服务函数一定是没有参数的函数
  44          3、中断服务函数函数名后跟关键字 interrupt
  45          4、interrupt n 0 - 4  5个中断源  8*n + 0003H
  46          0003H INT0    000BH T0    0013H INT1    001BH T1    0023H ES
  47          5、中断服务函数不能被主程序或其他程序所调用
  48          6、n后面跟using m (0 - 3)工作寄存器组
  49          *****************************************************************/
  50          
  51          void EX0_ISR(void) interrupt 0
  52          {
  53   1        switch (P2 & 0x0f)
  54   1        {
C51 COMPILER V9.54   MAIN                                                                  01/18/2022 03:39:33 PAGE 2   

  55   2          case 0x0e: run = 1; break;
  56   2          case 0x0d: run = 0; break;
  57   2          case 0x0b: dir = 1; break;
  58   2          case 0x07: dir = 0; break;
  59   2          default: break;
  60   2        }
  61   1      }
  62          
  63          
  64          
  65          
  66          
  67          
  68          
  69          
  70          
  71          
  72          
  73          
  74          
  75          
  76          //unsigned char run = 0;//默认流水灯是停止的
  77          //unsigned char dir = 1;//默认正向流水灯
  78          //unsigned char LEDBuf[] = { 0xfe, 0xfd, 0xfb, 0xf7, 0xef, 0xdf, 0xbf, 0x7f };
  79          
  80          //void EX0_Init(void);
  81          
  82          //void main()
  83          //{
  84          ////  unsigned char temp = 0xfe;
  85          //  unsigned char i = 0;
  86          //  EX0_Init();
  87          //  while (1)
  88          //  {
  89          //    if (run)
  90          //    {
  91          ////      P1 = temp;
  92          //      if (dir)
  93          //      {
  94          ////        temp = _crol_(temp, 1);
  95          //        for (i = 0; i <= 7; i++)
  96          //        {
  97          //          P1 = LEDBuf[i];
  98          //          DelayXms(1000);
  99          //        }
 100          //      }
 101          //      else
 102          //      {
 103          ////        temp = _cror_(temp, 1);
 104          //        for (i = 7; i > 0; i--)
 105          //        {
 106          //          P1 = LEDBuf[i];
 107          //          DelayXms(1000);
 108          //        }
 109          //      }
 110          ////      DelayXms(1000);
 111          //    }
 112          //  }
 113          //}
 114          
 115          ////外部中断0  初始化
 116          //void EX0_Init(void)
C51 COMPILER V9.54   MAIN                                                                  01/18/2022 03:39:33 PAGE 3   

 117          //{
 118          //  //1、设置触发方式  外部中断0
 119          //  IT0 = 1;//设置  下降沿触发  TCON
 120          //  EX0 = 1;//IE
 121          //  EA = 1;
 122          //}
 123          
 124          ///*****************************************************************
 125          //1、中断服务函数一定是一个没有返回值的函数
 126          //2、中断服务函数一定是没有参数的函数
 127          //3、中断服务函数函数名后跟关键字 interrupt
 128          //4、interrupt n 0 - 4  5个中断源  8*n + 0003H
 129          //0003H INT0    000BH T0    0013H INT1    001BH T1    0023H ES
 130          //5、中断服务函数不能被主程序或其他程序所调用
 131          //6、n后面跟using m (0 - 3)工作寄存器组
 132          //*****************************************************************/
 133          
 134          //void EX0_ISR(void) interrupt 0
 135          //{
 136          //  switch (P2 & 0x0f)
 137          //  {
 138          //    case 0x0e: run = 1; break;
 139          //    case 0x0d: run = 0; break;
 140          //    case 0x0b: dir = 1; break;
 141          //    case 0x07: dir = 0; break;
 142          //    default: break;
 143          //  }
 144          //}


MODULE INFORMATION:   STATIC OVERLAYABLE
   CODE SIZE        =    107    ----
   CONSTANT SIZE    =   ----    ----
   XDATA SIZE       =   ----    ----
   PDATA SIZE       =   ----    ----
   DATA SIZE        =      2       1
   IDATA SIZE       =   ----    ----
   BIT SIZE         =   ----    ----
END OF MODULE INFORMATION.


C51 COMPILATION COMPLETE.  0 WARNING(S),  0 ERROR(S)
