C51 COMPILER V9.01   MAIN                                                                  05/01/2021 00:03:16 PAGE 1   


C51 COMPILER V9.01, COMPILATION OF MODULE MAIN
OBJECT MODULE PLACED IN ..\Output\main.obj
COMPILER INVOKED BY: D:\Keil uVision 4 C51版\C51\BIN\C51.EXE ..\Source\main.c BROWSE DEBUG OBJECTEXTEND PRINT(..\Listing
                    -\main.lst) TABS(2) OBJECT(..\Output\main.obj)

line level    source

   1          /******************************
   2          功能：库函数(循环左移或右移函数 _crol_ _cror_)实现流水灯
   3          编程人：FYL
   4          时间：2021_03_19
   5          版本：V1.1
   6          ******************************/
   7          
   8          //头文件
   9          #include <reg51.h>
  10          #include <intrins.h>
  11          #include "delay.h"
  12          
  13          /******************************
  14          函数名：main
  15          功  能：主函数
  16          参  数：无
  17          返回值：无
  18          ******************************/
  19          void main()
  20          {
  21   1        unsigned char temp = 0xfe;// 1111 1110
  22   1        while (1)
  23   1        {
  24   2          P1 = temp; 
  25   2          temp = _crol_(temp, 1);//循环左移实现正向流水灯
  26   2          DelayXms(1000);   
  27   2        }
  28   1      }


MODULE INFORMATION:   STATIC OVERLAYABLE
   CODE SIZE        =     28    ----
   CONSTANT SIZE    =   ----    ----
   XDATA SIZE       =   ----    ----
   PDATA SIZE       =   ----    ----
   DATA SIZE        =   ----       1
   IDATA SIZE       =   ----    ----
   BIT SIZE         =   ----    ----
END OF MODULE INFORMATION.


C51 COMPILATION COMPLETE.  0 WARNING(S),  0 ERROR(S)
