C51 COMPILER V9.54   MAIN                                                                  07/04/2022 22:22:46 PAGE 1   


C51 COMPILER V9.54, COMPILATION OF MODULE MAIN
OBJECT MODULE PLACED IN ..\Output\main.obj
COMPILER INVOKED BY: D:\Keil_v5\C51\BIN\C51.EXE ..\Source\main.c OPTIMIZE(8,SPEED) BROWSE DEBUG OBJECTEXTEND PRINT(..\Li
                    -sting\main.lst) TABS(2) OBJECT(..\Output\main.obj)

line level    source

   1          #include <reg51.h>
   2          #include "delay.h"
   3          #include "LCD1602.h"
   4          #include <stdio.h>
   5          
   6          unsigned char IntegerToStr(long dat, unsigned char *str);
   7          
   8          void main()
   9          {
  10   1        long dat = -12345678;//uli_max:4294967295  li_max:-2147483648~+2147483647
  11   1        unsigned char str[11];//eg:"4294967295\0"
  12   1        
  13   1        float num = 1.252;
  14   1        float num2 = 12.234;
  15   1        unsigned char lcdbuf[10];
  16   1        int temp;
  17   1        
  18   1        LCDInit();
  19   1        DelayXms(10);
  20   1        
  21   1        //整数变量不固定长度显示方法
  22   1        IntegerToStr(dat, str);
  23   1        LCDShowStr(0, 0, str);
  24   1        
  25   1        //小数变量确定小数点位置时显示方法
  26   1        temp = num * 1000;
  27   1        LCDSetPosition(0, 1);
  28   1        LCDWriteData(temp / 1000 + '0');
  29   1        LCDWriteData('.');
  30   1        LCDWriteData(temp / 100 % 10 + '0');
  31   1        LCDWriteData(temp / 10 % 10 + '0');
  32   1        LCDWriteData(temp % 10 + '0');
  33   1        
  34   1        //小数变量不确定小数点位置时显示方法
  35   1        sprintf(lcdbuf, "%0.4f", num2);
  36   1        LCDShowStr(8,1,lcdbuf);
  37   1        while (1);
  38   1      }
  39          
  40          unsigned char IntegerToStr(long dat, unsigned char *str)
  41          {
  42   1        unsigned char i;
  43   1        unsigned char len;
  44   1        unsigned char buf[11];
  45   1        if (dat < 0)
  46   1        {
  47   2          dat = -dat;//如果是负数，取绝对值
  48   2          *str++ = '-';
  49   2          len++;
  50   2        }
  51   1        do
  52   1        {
  53   2          buf[i++] = dat % 10 + '0';//等价于dat % 10 + 0x30;  buf[0] = '8' buf[1] = '7' buf[2] = '6'
  54   2          dat /= 10;
C51 COMPILER V9.54   MAIN                                                                  07/04/2022 22:22:46 PAGE 2   

  55   2        }  while (dat > 0);
  56   1        len += i;
  57   1        while (i-- > 0)
  58   1        {
  59   2          *str++ = buf[i];
  60   2        }
  61   1        *str = '\0';
  62   1        return len;
  63   1      }


MODULE INFORMATION:   STATIC OVERLAYABLE
   CODE SIZE        =    420    ----
   CONSTANT SIZE    =      6    ----
   XDATA SIZE       =   ----    ----
   PDATA SIZE       =   ----    ----
   DATA SIZE        =   ----      55
   IDATA SIZE       =   ----    ----
   BIT SIZE         =   ----    ----
END OF MODULE INFORMATION.


C51 COMPILATION COMPLETE.  0 WARNING(S),  0 ERROR(S)
