C51 COMPILER V9.54   MAIN                                                                  01/16/2022 13:21:02 PAGE 1   


C51 COMPILER V9.54, COMPILATION OF MODULE MAIN
OBJECT MODULE PLACED IN ..\Output\main.obj
COMPILER INVOKED BY: D:\Keil_v5\C51\BIN\C51.EXE ..\Source\main.c OPTIMIZE(8,SPEED) BROWSE DEBUG OBJECTEXTEND PRINT(..\Li
                    -sting\main.lst) TABS(2) OBJECT(..\Output\main.obj)

line level    source

   1          #include <reg51.h>
   2          #include "delay.h"
   3          #include "display.h"
   4          #include "Key.h"
   5          
   6          /*****************************************
   7          函数名：主函数
   8          功  能：完成程序模块的调用
   9          参  数：无
  10          *****************************************/
  11          void main()
  12          {
  13   1        while(1)
  14   1        {
  15   2          LEDBuf[0] = 23;
  16   2          LEDBuf[1] = 23;
  17   2          LEDBuf[2] = 23;
  18   2          LEDBuf[3] = Key_Scan();
  19   2          Display();
  20   2        }
  21   1      }
  22          
  23          //void main()
  24          //{
  25          //  while(1)
  26          //  {
  27          //    LEDBuf[0] = 23;
  28          //    LEDBuf[1] = 23;
  29          //    LEDBuf[2] = 23;
  30          //    switch (Key_Scan())
  31          //    {
  32          //      case 1: LEDBuf[3] = 1; break;
  33          //      case 2: LEDBuf[3] = 2; break;
  34          //      case 3: LEDBuf[3] = 3; break;
  35          //      case 4: LEDBuf[3] = 4; break;
  36          //      case 5: LEDBuf[3] = 5; break;
  37          //      case 6: LEDBuf[3] = 6; break;
  38          //      case 7: LEDBuf[3] = 7; break;
  39          //      case 8: LEDBuf[3] = 8; break;
  40          //      case 9: LEDBuf[3] = 9; break;
  41          //      case 10: LEDBuf[3] = 0; break;
  42          //      case 11: LEDBuf[3] = 10; break;
  43          //      case 12: LEDBuf[3] = 11; break;
  44          //      case 13: LEDBuf[3] = 12; break;
  45          //      case 14: LEDBuf[3] = 13; break;
  46          //      case 15: LEDBuf[3] = 14; break;
  47          //      case 16: LEDBuf[3] = 15; break;
  48          //      default: break;
  49          //    }
  50          //    Display();
  51          //  }
  52          //}


C51 COMPILER V9.54   MAIN                                                                  01/16/2022 13:21:02 PAGE 2   

MODULE INFORMATION:   STATIC OVERLAYABLE
   CODE SIZE        =     19    ----
   CONSTANT SIZE    =   ----    ----
   XDATA SIZE       =   ----    ----
   PDATA SIZE       =   ----    ----
   DATA SIZE        =   ----    ----
   IDATA SIZE       =   ----    ----
   BIT SIZE         =   ----    ----
END OF MODULE INFORMATION.


C51 COMPILATION COMPLETE.  0 WARNING(S),  0 ERROR(S)
