C51 COMPILER V9.54   MAIN                                                                  11/04/2022 19:20:40 PAGE 1   


C51 COMPILER V9.54, COMPILATION OF MODULE MAIN
OBJECT MODULE PLACED IN ..\Output\main.obj
COMPILER INVOKED BY: D:\Keil_v5\C51\BIN\C51.EXE ..\Source\main.c OPTIMIZE(8,SPEED) BROWSE DEBUG OBJECTEXTEND PRINT(..\Li
                    -sting\main.lst) TABS(2) OBJECT(..\Output\main.obj)

line level    source

   1          #include <reg51.h>
   2          #include "I2C.h"
   3          #include "delay.h"
   4          #include "LCD1602.h"
   5          
   6          bit E2PROMAddr(unsigned char addr);
   7          
   8          void main()
   9          {
  10   1        bit ack;
  11   1        unsigned char str[6];
  12   1        LCDInit();
  13   1        DelayXms(10);
  14   1        ack = E2PROMAddr(0x50);
  15   1        str[0] = '0';
  16   1        str[1] = 'x';
  17   1        str[2] = '5';
  18   1        str[3] = '0';
  19   1        str[4] = ':';
  20   1        str[5] = (unsigned char)ack + '0';
  21   1        LCDShowStr(0, 0, str);
  22   1        
  23   1        ack = E2PROMAddr(0x51);
  24   1        str[0] = '0';
  25   1        str[1] = 'x';
  26   1        str[2] = '5';
  27   1        str[3] = '1';
  28   1        str[4] = ':';
  29   1        str[5] = (unsigned char)ack + '0';
  30   1        LCDShowStr(7, 0, str);
  31   1        
  32   1        ack = E2PROMAddr(0x52);
  33   1        str[0] = '0';
  34   1        str[1] = 'x';
  35   1        str[2] = '5';
  36   1        str[3] = '2';
  37   1        str[4] = ':';
  38   1        str[5] = (unsigned char)ack + '0';
  39   1        LCDShowStr(0, 1, str);
  40   1        while (1);
  41   1      }
  42          
  43          bit E2PROMAddr(unsigned char addr)
  44          {
  45   1        bit ack;
  46   1        I2CStart();//主机发出起始信号
  47   1        I2CWriteByte(addr << 1);//1010 0000 0xA0 写一个字节 第一个字节一定是器件寻址字节
  48   1        ack = I2CRecvAck();//每写一个字节，从机返回一个ack 应答位
  49   1        I2CStop();//停止信号，结束一次数据传输
  50   1        return ack;
  51   1      }


MODULE INFORMATION:   STATIC OVERLAYABLE
C51 COMPILER V9.54   MAIN                                                                  11/04/2022 19:20:40 PAGE 2   

   CODE SIZE        =    164    ----
   CONSTANT SIZE    =   ----    ----
   XDATA SIZE       =   ----    ----
   PDATA SIZE       =   ----    ----
   DATA SIZE        =   ----       7
   IDATA SIZE       =   ----    ----
   BIT SIZE         =   ----       2
END OF MODULE INFORMATION.


C51 COMPILATION COMPLETE.  0 WARNING(S),  0 ERROR(S)
