C51 COMPILER V9.01   MAIN                                                                  05/03/2021 00:27:31 PAGE 1   


C51 COMPILER V9.01, COMPILATION OF MODULE MAIN
OBJECT MODULE PLACED IN ..\Output\main.obj
COMPILER INVOKED BY: D:\Keil uVision 4 C51版\C51\BIN\C51.EXE ..\Source\main.c BROWSE DEBUG OBJECTEXTEND PRINT(..\Listing
                    -\main.lst) TABS(2) OBJECT(..\Output\main.obj)

line level    source

   1          /******************************
   2          功  能：蜂鸣器的发声
   3          编程人：FYL
   4          时  间：2021_05_03
   5          版  本：V1.0
   6          ******************************/
   7          
   8          //头文件
   9          #include <reg51.h>
  10          #include "delay.h"
  11          
  12          sbit Sound = P3 ^ 7;
  13          
  14          /******************************
  15          函数名：main
  16          功  能：主函数
  17          参  数：无
  18          返回值：无
  19          ******************************/
  20          void main()
  21          {
  22   1        while(1)
  23   1        {
  24   2          Sound = ~Sound;
  25   2          DelayXms(500);
  26   2        }
  27   1      }


MODULE INFORMATION:   STATIC OVERLAYABLE
   CODE SIZE        =     11    ----
   CONSTANT SIZE    =   ----    ----
   XDATA SIZE       =   ----    ----
   PDATA SIZE       =   ----    ----
   DATA SIZE        =   ----    ----
   IDATA SIZE       =   ----    ----
   BIT SIZE         =   ----    ----
END OF MODULE INFORMATION.


C51 COMPILATION COMPLETE.  0 WARNING(S),  0 ERROR(S)
