C51 COMPILER V9.54   DELAY                                                                 07/18/2022 01:07:14 PAGE 1   


C51 COMPILER V9.54, COMPILATION OF MODULE DELAY
OBJECT MODULE PLACED IN ..\Output\delay.obj
COMPILER INVOKED BY: D:\Keil_v5\C51\BIN\C51.EXE ..\Source\delay.c OPTIMIZE(8,SPEED) BROWSE DEBUG OBJECTEXTEND PRINT(..\O
                    -utput\delay.lst) TABS(2) OBJECT(..\Output\delay.obj)

line level    source

   1          #include "delay.h"
   2          
   3          /****************************************
   4          函数名：DelayXms
   5          功  能；毫秒级延时函数
   6          参  数；unsigned int
   7          返回值；无
   8          ****************************************/
   9          void DelayXms(unsigned int xms)
  10          {
  11   1        unsigned int i, j;  //0 ~ 65535  000H ~ FFFH
  12   1        for (i = xms; i > 0; i--)
  13   1          for (j = 124; j > 0; j--);
  14   1      }
  15          
  16          /****************************************
  17          函数名：Delay600us
  18          功  能；600毫秒延时函数
  19          参  数；无
  20          返回值；无
  21          ****************************************/
  22          void Delay600us()   //@12.000MHz
  23          {
  24   1        unsigned char i, j;
  25   1      
  26   1        i = 2;
  27   1        j = 39;
  28   1        do
  29   1        {
  30   2          while (--j);
  31   2        } while (--i);
  32   1      }
  33          
  34          /****************************************
  35          函数名：Delay60us
  36          功  能；60毫秒延时函数
  37          参  数；无
  38          返回值；无
  39          ****************************************/
  40          void Delay60us()    //@12.000MHz
  41          {
  42   1        unsigned char i;
  43   1      
  44   1        _nop_();
  45   1        i = 27;
  46   1        while (--i);
  47   1      }


MODULE INFORMATION:   STATIC OVERLAYABLE
   CODE SIZE        =     45    ----
   CONSTANT SIZE    =   ----    ----
   XDATA SIZE       =   ----    ----
   PDATA SIZE       =   ----    ----
C51 COMPILER V9.54   DELAY                                                                 07/18/2022 01:07:14 PAGE 2   

   DATA SIZE        =   ----    ----
   IDATA SIZE       =   ----    ----
   BIT SIZE         =   ----    ----
END OF MODULE INFORMATION.


C51 COMPILATION COMPLETE.  0 WARNING(S),  0 ERROR(S)
