C51 COMPILER V9.54   RELAY                                                                 08/06/2022 16:08:28 PAGE 1   


C51 COMPILER V9.54, COMPILATION OF MODULE RELAY
OBJECT MODULE PLACED IN ..\Output\Relay.obj
COMPILER INVOKED BY: D:\Keil_v5\C51\BIN\C51.EXE ..\Source\Relay.c OPTIMIZE(8,SPEED) BROWSE DEBUG OBJECTEXTEND PRINT(..\L
                    -isting\Relay.lst) TABS(2) OBJECT(..\Output\Relay.obj)

line level    source

   1          #include "Relay.h"
   2          
   3          //继电器上电初始化
   4          void Relay_Init(void)
   5          {
   6   1        RELAY0 = 1;
   7   1        RELAY1 = 0;
   8   1        RELAY2 = 0;
   9   1        RELAY3 = 0;
  10   1        RELAY4 = 0;
  11   1      }
  12          
  13          void Relay0_ON(void)
  14          {
  15   1        RELAY0 = 0;
  16   1      }
  17          
  18          void Relay0_OFF(void)
  19          {
  20   1        RELAY0 = 1;
  21   1      }
  22          
  23          void Relay1_ON(void)
  24          {
  25   1        RELAY1 = 1;
  26   1      }
  27          
  28          void Relay1_OFF(void)
  29          {
  30   1        RELAY1 = 0;
  31   1      }
  32          
  33          void Relay2_ON(void)
  34          {
  35   1        RELAY2 = 1;
  36   1      }
  37          
  38          void Relay2_OFF(void)
  39          {
  40   1        RELAY2 = 0;
  41   1      }
  42          void Relay3_ON(void)
  43          {
  44   1        RELAY3 = 1;
  45   1      }
  46          
  47          void Relay3_OFF(void)
  48          {
  49   1        RELAY3 = 0;
  50   1      }
  51          void Relay4_ON(void)
  52          {
  53   1        RELAY4 = 1;
  54   1      }
C51 COMPILER V9.54   RELAY                                                                 08/06/2022 16:08:28 PAGE 2   

  55          
  56          void Relay4_OFF(void)
  57          {
  58   1        RELAY4 = 0;
  59   1      }


MODULE INFORMATION:   STATIC OVERLAYABLE
   CODE SIZE        =     41    ----
   CONSTANT SIZE    =   ----    ----
   XDATA SIZE       =   ----    ----
   PDATA SIZE       =   ----    ----
   DATA SIZE        =   ----    ----
   IDATA SIZE       =   ----    ----
   BIT SIZE         =   ----    ----
END OF MODULE INFORMATION.


C51 COMPILATION COMPLETE.  0 WARNING(S),  0 ERROR(S)
