C51 COMPILER V9.54   MAIN                                                                  03/30/2022 21:47:22 PAGE 1   


C51 COMPILER V9.54, COMPILATION OF MODULE MAIN
OBJECT MODULE PLACED IN ..\Output\main.obj
COMPILER INVOKED BY: D:\Keil_v5\C51\BIN\C51.EXE ..\Source\main.c OPTIMIZE(8,SPEED) BROWSE DEBUG OBJECTEXTEND PRINT(..\Li
                    -sting\main.lst) TABS(2) OBJECT(..\Output\main.obj)

line level    source

   1          #include <reg51.h>
   2          #include "uart.h"
   3          #include <stdio.h>
   4          #include "delay.h"
   5          #include "ultrasound.h"
   6          
   7          void main()
   8          {
   9   1        int distance = 0;
  10   1        UartInit();
  11   1        ultra_init();
  12   1        printf("Start Measure!\r\n");
  13   1        while(1)
  14   1        {
  15   2          distance = get_distance();
  16   2          if (distance < 0)
  17   2            printf("ERROR!\r\n");
  18   2          else
  19   2            printf("distance = %d\r\n", distance);
  20   2          DelayXms(200);
  21   2        }
  22   1      }


MODULE INFORMATION:   STATIC OVERLAYABLE
   CODE SIZE        =     66    ----
   CONSTANT SIZE    =     42    ----
   XDATA SIZE       =   ----    ----
   PDATA SIZE       =   ----    ----
   DATA SIZE        =   ----       2
   IDATA SIZE       =   ----    ----
   BIT SIZE         =   ----    ----
END OF MODULE INFORMATION.


C51 COMPILATION COMPLETE.  0 WARNING(S),  0 ERROR(S)
