C51 COMPILER V9.54   MAIN                                                                  01/19/2022 22:33:02 PAGE 1   


C51 COMPILER V9.54, COMPILATION OF MODULE MAIN
OBJECT MODULE PLACED IN ..\Output\main.obj
COMPILER INVOKED BY: D:\Keil_v5\C51\BIN\C51.EXE ..\Source\main.c OPTIMIZE(8,SPEED) BROWSE DEBUG OBJECTEXTEND PRINT(..\Li
                    -sting\main.lst) TABS(2) OBJECT(..\Output\main.obj)

line level    source

   1          #include <reg51.h>
   2          
   3          sbit LED = P1^0;
   4          void timer0_Init();
   5          
   6          void main()
   7          {
   8   1        timer0_Init();
   9   1        while (1)
  10   1        {
  11   2          if (1 == TF0)
  12   2          {
  13   3            TF0 = 0;
  14   3            TH0 = (65536 - 50000) / 256;//重新赋初值
  15   3            TL0 = (65536 - 50000) % 256;
  16   3            LED = ~LED;
  17   3            
  18   3          }
  19   2        }
  20   1      }
  21          
  22          void timer0_Init()
  23          {
  24   1        //1、设置TMOD 确定工作方式 定时/计数   哪一种工作方式 工作方式1   GATE 0
  25   1        TMOD = 0X01;
  26   1        //2、定时初值的计算  (eg: 50ms  12M)
  27   1        TH0 = (65536 - 50000) / 256;
  28   1        TL0 = (65536 - 50000) % 256;
  29   1        //3、打开定时/计数器
  30   1        TR0 = 1;//启动定时计数器
  31   1      }


MODULE INFORMATION:   STATIC OVERLAYABLE
   CODE SIZE        =     30    ----
   CONSTANT SIZE    =   ----    ----
   XDATA SIZE       =   ----    ----
   PDATA SIZE       =   ----    ----
   DATA SIZE        =   ----    ----
   IDATA SIZE       =   ----    ----
   BIT SIZE         =   ----    ----
END OF MODULE INFORMATION.


C51 COMPILATION COMPLETE.  0 WARNING(S),  0 ERROR(S)
