C51 COMPILER V9.54   MAIN                                                                  02/11/2022 22:10:54 PAGE 1   


C51 COMPILER V9.54, COMPILATION OF MODULE MAIN
OBJECT MODULE PLACED IN ..\Output\main.obj
COMPILER INVOKED BY: D:\Keil_v5\C51\BIN\C51.EXE ..\Source\main.c OPTIMIZE(8,SPEED) BROWSE DEBUG OBJECTEXTEND PRINT(..\Li
                    -sting\main.lst) TABS(2) OBJECT(..\Output\main.obj)

line level    source

   1          #include <reg51.h>
   2          #include "delay.h"
   3          #include "uart.h"
   4          
   5          sbit LED = P1^0;
   6          sbit BEEP = P3^7;
   7          
   8          void Timer0Init(void);
   9          
  10          void main()
  11          {
  12   1        Timer0Init();
  13   1        UartInit();
  14   1        EA = 1;
  15   1        printf("Wait for Serial Communication Test Start.\r\n");
  16   1        printf("Please Send a Command:\r\n");
  17   1        DelayXms(10);
  18   1        while (1)
  19   1        {
  20   2          if (recv_flag == 1)
  21   2          {
  22   3            recv_flag = 0;
  23   3            sendString(recv_buf);
  24   3            clr_recvbuffer(recv_buf);
  25   3          }
  26   2        }
  27   1      }
  28          
  29          void Timer0Init(void)   //1毫秒@11.0592MHz
  30          {
  31   1      //  AUXR &= 0x7F;   //定时器时钟12T模式
  32   1        TMOD &= 0xF0;   //设置定时器模式
  33   1        TMOD |= 0x01;   //设置定时器模式
  34   1        TL0 = 0x66;   //设置定时初值
  35   1        TH0 = 0xFC;   //设置定时初值
  36   1        TF0 = 0;    //清除TF0标志
  37   1        ET0 = 1;
  38   1        TR0 = 1;    //定时器0开始计时
  39   1      }
  40          
  41          void timer0_ISR() interrupt 1
  42          {
  43   1        TR0 = 0;
  44   1        if (led_cnt < led_data)
  45   1        {
  46   2          led_cnt++;
  47   2          LED = 0;
  48   2        }
  49   1        else
  50   1        {
  51   2          LED = 1;
  52   2        }
  53   1        if (beep_cnt != 0)
  54   1        {
C51 COMPILER V9.54   MAIN                                                                  02/11/2022 22:10:54 PAGE 2   

  55   2          beep_cnt--;
  56   2          BEEP = ~BEEP;
  57   2        }
  58   1        TL0 = 0x66;   //设置定时初值
  59   1        TH0 = 0xFC;   //设置定时初值
  60   1        TR0 = 1;
  61   1      }


MODULE INFORMATION:   STATIC OVERLAYABLE
   CODE SIZE        =    139    ----
   CONSTANT SIZE    =     69    ----
   XDATA SIZE       =   ----    ----
   PDATA SIZE       =   ----    ----
   DATA SIZE        =   ----    ----
   IDATA SIZE       =   ----    ----
   BIT SIZE         =   ----    ----
END OF MODULE INFORMATION.


C51 COMPILATION COMPLETE.  0 WARNING(S),  0 ERROR(S)
