C51 COMPILER V9.54   MAIN                                                                  07/05/2022 14:40:11 PAGE 1   


C51 COMPILER V9.54, COMPILATION OF MODULE MAIN
OBJECT MODULE PLACED IN ..\Output\main.obj
COMPILER INVOKED BY: D:\Keil_v5\C51\BIN\C51.EXE ..\Source\main.c OPTIMIZE(8,SPEED) BROWSE DEBUG OBJECTEXTEND PRINT(..\Li
                    -sting\main.lst) TABS(2) OBJECT(..\Output\main.obj)

line level    source

   1          #include <reg51.h>
   2          #include "delay.h"
   3          #include "LCD1602.h"
   4          #include <stdio.h>
   5          #include "menu.h"
   6          
   7          void LCDShowService();
   8          void EXT_Init();
   9          void Timer0Init(void);
  10          
  11          unsigned char sec, min, hour;
  12          
  13          unsigned int timer0Cnt;
  14          unsigned char state = 0;
  15          
  16          void main()
  17          {
  18   1        LCDInit();
  19   1        EXT_Init();
  20   1        Timer0Init();
  21   1        DelayXms(10);
  22   1        Startmenu();
  23   1        DelayXms(2000);
  24   1        LCDWriteCmd(LCD_SCREEN_CLR);//清屏
  25   1        while (1)
  26   1        {
  27   2          LCDShowStr(0, 0, "  Current Time  ");
  28   2          LCDShowService();
  29   2        }
  30   1      }
  31          
  32          void LCDShowService()
  33          {
  34   1        switch(state)
  35   1        {
  36   2          case 0: TR0 = 1;  LCDShowSec(); LCDShowMin(); LCDShowHour(); break;
  37   2          case 1: LCDShowSec(); break;
  38   2          case 2: LCDShowMin(); break;
  39   2          case 3: LCDShowHour(); break;
  40   2          default: break;
  41   2        }
  42   1      }
  43          
  44          void EXT_Init()
  45          {
  46   1        IT0 = 1;//下降沿触发方式 INT0
  47   1        IT1 = 1;//下降沿触发方式 INT1
  48   1        EX0 = 1;
  49   1        EX1 = 1;
  50   1      }
  51          
  52          void EX0_ISR() interrupt 0
  53          {
  54   1        TR0 = 0;
C51 COMPILER V9.54   MAIN                                                                  07/05/2022 14:40:11 PAGE 2   

  55   1        state++;
  56   1        if (state > 3)
  57   1        {
  58   2          state = 0;
  59   2        }
  60   1      }
  61          
  62          void EX1_ISR() interrupt 2
  63          {
  64   1        switch (state)
  65   1        {
  66   2          case 1: sec++; if (sec >= 60) sec = 0; break;
  67   2          case 2: min++; if (min >= 60) min = 0; break;
  68   2          case 3: hour++; if (hour >= 24) hour = 0; break;
  69   2          default: break;
  70   2        }
  71   1      }
  72          
  73          void Timer0Init(void)   //1毫秒@12.000MHz
  74          {
  75   1      //  AUXR &= 0x7F;   //定时器时钟12T模式
  76   1        TMOD &= 0xF0;   //设置定时器模式
  77   1        TMOD |= 0x01;   //设置定时器模式
  78   1        TL0 = 0x18;   //设置定时初始值
  79   1        TH0 = 0xFC;   //设置定时初始值
  80   1        TF0 = 0;    //清除TF0标志
  81   1        ET0 = 1;
  82   1        EA = 1;
  83   1      //  TR0 = 1;    //定时器0开始计时
  84   1      }
  85          
  86          void Time0ISR() interrupt 1
  87          {
  88   1        TR0 = 0;
  89   1        timer0Cnt++;
  90   1        if (timer0Cnt >= 1000)
  91   1        {
  92   2          timer0Cnt = 0;
  93   2          sec++;
  94   2          if (sec >= 60)
  95   2          {
  96   3            sec = 0;
  97   3            min++;
  98   3            if (min >= 60)
  99   3            {
 100   4              min = 0;
 101   4              hour++;
 102   4              if (hour >= 24)
 103   4              {
 104   5                hour = 0;
 105   5              }
 106   4            }
 107   3          }
 108   2        }
 109   1        TL0 = 0x18;   //设置定时初始值
 110   1        TH0 = 0xFC;   //设置定时初始值
 111   1        TR0 = 1;
 112   1      }


MODULE INFORMATION:   STATIC OVERLAYABLE
   CODE SIZE        =    271    ----
C51 COMPILER V9.54   MAIN                                                                  07/05/2022 14:40:11 PAGE 3   

   CONSTANT SIZE    =     17    ----
   XDATA SIZE       =   ----    ----
   PDATA SIZE       =   ----    ----
   DATA SIZE        =      6    ----
   IDATA SIZE       =   ----    ----
   BIT SIZE         =   ----    ----
END OF MODULE INFORMATION.


C51 COMPILATION COMPLETE.  0 WARNING(S),  0 ERROR(S)
