C51 COMPILER V9.54   MAIN                                                                  07/05/2022 13:29:02 PAGE 1   


C51 COMPILER V9.54, COMPILATION OF MODULE MAIN
OBJECT MODULE PLACED IN ..\Output\main.obj
COMPILER INVOKED BY: D:\Keil_v5\C51\BIN\C51.EXE ..\Source\main.c OPTIMIZE(8,SPEED) BROWSE DEBUG OBJECTEXTEND PRINT(..\Li
                    -sting\main.lst) TABS(2) OBJECT(..\Output\main.obj)

line level    source

   1          #include <reg51.h>
   2          #include "Key.h"
   3          #include "menu.h"
   4          
   5          void KeyService();
   6          void LCDShowService();
   7          void Timer0Init(void);
   8          
   9          TEMPbuf[] = { 125, 126, 127, 128, 
  10                        223, 224, 225, 226,
  11                        334, 335, 336, 337,
  12                        421, 422, 423, 424 };
  13          
  14          unsigned char menu;
  15          bit mode = 0;
  16          unsigned int timer0Cnt;
  17          unsigned char menuFlag;
  18          
  19          void main()
  20          {
  21   1        LCDInit();
  22   1        Timer0Init();
  23   1        DelayXms(10);
  24   1        Startmenu();
  25   1        DelayXms(2000);
  26   1        LCDWriteCmd(LCD_SCREEN_CLR);//清屏
  27   1        while (1)
  28   1        {
  29   2          if (mode == 0)
  30   2          {
  31   3            TR0 = 1;
  32   3            if (menuFlag == 1)
  33   3            {
  34   4              menuFlag = 0;
  35   4              menu++;
  36   4              if (menu == 4)
  37   4                menu = 0;
  38   4            }
  39   3          }
  40   2          LCDShowService();
  41   2          KeyService();
  42   2        }
  43   1      }
  44          
  45          void KeyService()
  46          {
  47   1        switch (Key_Scan())
  48   1        {
  49   2          case 1: mode = ~mode; break;
  50   2          case 2: TR0 = 0;
  51   2                  if (mode == 1)
  52   2                  {
  53   3                    menu++;
  54   3                    if (menu == 4)
C51 COMPILER V9.54   MAIN                                                                  07/05/2022 13:29:02 PAGE 2   

  55   3                      menu = 0;
  56   3                  }
  57   2                  break;
  58   2          case 3: mode = 1; TR0 = 0; menu = 0; break;
  59   2          case 4: mode = 1; TR0 = 0; menu = 4; LCDWriteCmd(LCD_SCREEN_CLR); DelayXms(2); break;
  60   2          default: break;
  61   2        }
  62   1      }
  63          
  64          void LCDShowService()
  65          {
  66   1        switch (menu)
  67   1        {
  68   2          case 0: SubMenuOne(); break;
  69   2          case 1: SubMenuTwo(); break;
  70   2          case 2: SubMenuThree(); break;
  71   2          case 3: SubMenuFour(); break;
  72   2          case 4: AlarmSetMenu(); break;
  73   2          default: break;
  74   2        }
  75   1      }
  76          
  77          void Timer0Init(void)   //1毫秒@12.000MHz
  78          {
  79   1      //  AUXR &= 0x7F;   //定时器时钟12T模式
  80   1        TMOD &= 0xF0;   //设置定时器模式
  81   1        TMOD |= 0x01;   //设置定时器模式
  82   1        TL0 = 0x18;   //设置定时初始值
  83   1        TH0 = 0xFC;   //设置定时初始值
  84   1        TF0 = 0;    //清除TF0标志
  85   1        ET0 = 1;
  86   1        EA = 1;
  87   1      //  TR0 = 1;    //定时器0开始计时
  88   1      }
  89          
  90          void Time0ISR() interrupt 1
  91          {
  92   1        TR0 = 0;
  93   1        timer0Cnt++;
  94   1        if (timer0Cnt >= 2000)
  95   1        {
  96   2          timer0Cnt = 0;
  97   2          menuFlag = 1;
  98   2        }
  99   1        TL0 = 0x18;   //设置定时初始值
 100   1        TH0 = 0xFC;   //设置定时初始值
 101   1        TR0 = 1;
 102   1      }


MODULE INFORMATION:   STATIC OVERLAYABLE
   CODE SIZE        =    220    ----
   CONSTANT SIZE    =   ----    ----
   XDATA SIZE       =   ----    ----
   PDATA SIZE       =   ----    ----
   DATA SIZE        =     36    ----
   IDATA SIZE       =   ----    ----
   BIT SIZE         =      1    ----
END OF MODULE INFORMATION.


C51 COMPILATION COMPLETE.  0 WARNING(S),  0 ERROR(S)
