C51 COMPILER V9.54   MENU                                                                  07/05/2022 13:29:02 PAGE 1   


C51 COMPILER V9.54, COMPILATION OF MODULE MENU
OBJECT MODULE PLACED IN ..\Output\menu.obj
COMPILER INVOKED BY: D:\Keil_v5\C51\BIN\C51.EXE ..\Source\menu.c OPTIMIZE(8,SPEED) BROWSE DEBUG OBJECTEXTEND PRINT(..\Li
                    -sting\menu.lst) TABS(2) OBJECT(..\Output\menu.obj)

line level    source

   1          #include "menu.h"
   2          
   3          extern int TEMPbuf[];
   4          
   5          void Startmenu()
   6          {
   7   1        LCDShowStr(1, 0, "The DAS of TEMP");
   8   1        LCDShowStr(6, 1, "V1.0");
   9   1      }
  10          
  11          void SubMenuOne()
  12          {
  13   1        LCDShowStr(0, 0, "CH0:");
  14   1        ShowTempData(4, 0, TEMPbuf, 0);
  15   1        LCDShowStr(8, 0, "CH2:");
  16   1        ShowTempData(12, 0, TEMPbuf, 2);
  17   1        LCDShowStr(0, 1, "CH1:");
  18   1        ShowTempData(4, 1, TEMPbuf, 1);
  19   1        LCDShowStr(8, 1, "CH3:");
  20   1        ShowTempData(12, 1, TEMPbuf, 3);
  21   1      }
  22          
  23          void SubMenuTwo()
  24          {
  25   1        LCDShowStr(0, 0, "CH4:");
  26   1        ShowTempData(4, 0, TEMPbuf, 4);
  27   1        LCDShowStr(8, 0, "CH6:");
  28   1        ShowTempData(12, 0, TEMPbuf, 6);
  29   1        LCDShowStr(0, 1, "CH5:");
  30   1        ShowTempData(4, 1, TEMPbuf, 5);
  31   1        LCDShowStr(8, 1, "CH7:");
  32   1        ShowTempData(12, 1, TEMPbuf, 7);
  33   1      }
  34          
  35          void SubMenuThree()
  36          {
  37   1        LCDShowStr(0, 0, "CH8:");
  38   1        ShowTempData(4, 0, TEMPbuf, 8);
  39   1        LCDShowStr(8, 0, "CHa:");
  40   1        ShowTempData(12, 0, TEMPbuf, 10);
  41   1        LCDShowStr(0, 1, "CH9:");
  42   1        ShowTempData(4, 1, TEMPbuf, 9);
  43   1        LCDShowStr(8, 1, "CHb:");
  44   1        ShowTempData(12, 1, TEMPbuf, 11);
  45   1      }
  46          
  47          void SubMenuFour()
  48          {
  49   1        LCDShowStr(0, 0, "CHc:");
  50   1        ShowTempData(4, 0, TEMPbuf, 12);
  51   1        LCDShowStr(8, 0, "CHe:");
  52   1        ShowTempData(12, 0, TEMPbuf, 14);
  53   1        LCDShowStr(0, 1, "CHd:");
  54   1        ShowTempData(4, 1, TEMPbuf, 13);
C51 COMPILER V9.54   MENU                                                                  07/05/2022 13:29:02 PAGE 2   

  55   1        LCDShowStr(8, 1, "CHf:");
  56   1        ShowTempData(12, 1, TEMPbuf, 15);
  57   1      }
  58          
  59          void AlarmSetMenu()
  60          {
  61   1        LCDShowStr(4, 0, "ALARM MENU");
  62   1      }
  63          
  64          void ShowTempData(unsigned char x, unsigned char y, int *buf, unsigned char num)
  65          {
  66   1        LCDSetPosition(x, y);
  67   1        LCDWriteData(*(buf + num)/100 + '0');
  68   1        LCDWriteData(*(buf + num)/10%10 + '0');
  69   1        LCDWriteData('.');
  70   1        LCDWriteData(*(buf + num)%10 + '0');
  71   1      }


MODULE INFORMATION:   STATIC OVERLAYABLE
   CODE SIZE        =    618    ----
   CONSTANT SIZE    =    112    ----
   XDATA SIZE       =   ----    ----
   PDATA SIZE       =   ----    ----
   DATA SIZE        =   ----       6
   IDATA SIZE       =   ----    ----
   BIT SIZE         =   ----    ----
END OF MODULE INFORMATION.


C51 COMPILATION COMPLETE.  0 WARNING(S),  0 ERROR(S)
