C51 COMPILER V9.54   MAIN                                                                  01/20/2022 03:13:23 PAGE 1   


C51 COMPILER V9.54, COMPILATION OF MODULE MAIN
OBJECT MODULE PLACED IN ..\Output\main.obj
COMPILER INVOKED BY: D:\Keil_v5\C51\BIN\C51.EXE ..\Source\main.c OPTIMIZE(8,SPEED) BROWSE DEBUG OBJECTEXTEND PRINT(..\Li
                    -sting\main.lst) TABS(2) OBJECT(..\Output\main.obj)

line level    source

   1          #include <reg51.h>
   2          #include <intrins.h>
   3          
   4          void timer0_Init();
   5          unsigned char timerCnt;
   6          unsigned char temp = 0xfe;
   7          
   8          void main()
   9          {
  10   1        timer0_Init();
  11   1        while (1)
  12   1        {
  13   2          if (1 == TF0)
  14   2          {
  15   3            TF0 = 0;
  16   3            TH0 = (65536 - 20000) / 256;//重新赋初值  便于产生下一次的20ms定时
  17   3            TL0 = (65536 - 20000) % 256;
  18   3            //1S = 1000ms / 20ms = 50次
  19   3            timerCnt++;
  20   3            if (timerCnt >= 50)
  21   3            {
  22   4              timerCnt = 0;
  23   4              P1 = temp;
  24   4              temp = _crol_(temp, 1);
  25   4            }
  26   3          }
  27   2        }
  28   1      }
  29          
  30          void timer0_Init()
  31          {
  32   1        //1、设置TMOD 确定工作方式 定时/计数   哪一种工作方式 工作方式1   GATE 0
  33   1        TMOD = 0X01;//GATE  C/T  M1  M0  GATE  C/T  M1  M0
  34   1        //2、定时初值的计算  (eg: 20ms  12M)
  35   1        TH0 = (65536 - 20000) / 256;
  36   1        TL0 = (65536 - 20000) % 256;
  37   1        //3、打开定时/计数器
  38   1        TR0 = 1;//启动定时计数器
  39   1      }


MODULE INFORMATION:   STATIC OVERLAYABLE
   CODE SIZE        =     56    ----
   CONSTANT SIZE    =   ----    ----
   XDATA SIZE       =   ----    ----
   PDATA SIZE       =   ----    ----
   DATA SIZE        =      2    ----
   IDATA SIZE       =   ----    ----
   BIT SIZE         =   ----    ----
END OF MODULE INFORMATION.


C51 COMPILATION COMPLETE.  0 WARNING(S),  0 ERROR(S)
